<?xml version="1.0" encoding="UTF-8"?>
<!-- Generated by org.testng.reporters.JUnitReportReporter -->
<testsuite hostname="OPTIMUSPRIME" failures="0" tests="1" name="TestNGFrameWork.NewTest_001" time="14.939" errors="0" timestamp="05 Apr 2022 10:15:40 GMT" skipped="0">
  <testcase classname="TestNGFrameWork.NewTest_001" name="googleSearch" time="14.939"/>
</testsuite> <!-- TestNGFrameWork.NewTest_001 -->
