<?xml version="1.0" encoding="UTF-8"?>
<!-- Generated by org.testng.reporters.JUnitReportReporter -->
<testsuite skipped="0" hostname="OPTIMUSPRIME" name="com.testNGFramework.RegisterDemoFlow" tests="2" failures="0" timestamp="09 Nov 2022 15:43:34 GMT" time="43.026" errors="0">
  <testcase name="navigateToRegistrationForm" time="25.447" classname="com.testNGFramework.RegisterDemoFlow"/>
  <testcase name="registraionForDemoPage" time="17.579" classname="com.testNGFramework.RegisterDemoFlow"/>
</testsuite> <!-- com.testNGFramework.RegisterDemoFlow -->
