<?xml version="1.0" encoding="UTF-8"?>
<!-- Generated by org.testng.reporters.JUnitReportReporter -->
<testsuite hostname="OPTIMUSPRIME" failures="0" tests="2" name="test.day2" time="0.007" errors="0" timestamp="06 Apr 2022 15:44:25 GMT" skipped="0">
  <testcase classname="test.day2" name="Verify" time="0.003"/>
  <testcase classname="test.day2" name="Download" time="0.004"/>
</testsuite> <!-- test.day2 -->
