<?xml version="1.0" encoding="UTF-8"?>
<!-- Generated by org.testng.reporters.JUnitReportReporter -->
<testsuite skipped="0" hostname="OPTIMUSPRIME" name="com.testNGFramework.BankingApplication" tests="6" failures="0" timestamp="05 Oct 2022 15:18:16 GMT" time="0.048" errors="0">
  <testcase name="lunchApplication" time="0.028" classname="com.testNGFramework.BankingApplication"/>
  <testcase name="loginUser" time="0.004" classname="com.testNGFramework.BankingApplication"/>
  <testcase name="checkSavingAccountBalance" time="0.005" classname="com.testNGFramework.BankingApplication"/>
  <testcase name="checkCurrentAccountBalance" time="0.004" classname="com.testNGFramework.BankingApplication"/>
  <testcase name="logOut" time="0.003" classname="com.testNGFramework.BankingApplication"/>
  <testcase name="closeApplication" time="0.004" classname="com.testNGFramework.BankingApplication"/>
</testsuite> <!-- com.testNGFramework.BankingApplication -->
