<?xml version="1.0" encoding="UTF-8"?>
<!-- Generated by org.testng.reporters.JUnitReportReporter -->
<testsuite skipped="0" hostname="OPTIMUSPRIME" name="com.pageObjectModelTestCases.RegisterUser" tests="3" failures="0" timestamp="07 Oct 2022 11:28:31 GMT" time="25.191" errors="0">
  <testcase name="lunchApplication" time="14.929" classname="com.pageObjectModelTestCases.RegisterUser"/>
  <testcase name="registerUser" time="9.756" classname="com.pageObjectModelTestCases.RegisterUser"/>
  <testcase name="closeApplication" time="0.506" classname="com.pageObjectModelTestCases.RegisterUser"/>
</testsuite> <!-- com.pageObjectModelTestCases.RegisterUser -->
