<?xml version="1.0" encoding="UTF-8"?>
<!-- Generated by org.testng.reporters.JUnitReportReporter -->
<testsuite skipped="0" hostname="OPTIMUSPRIME" name="com.testNGFramework.ScreenNavigation" tests="4" failures="0" timestamp="06 Oct 2022 10:28:58 GMT" time="0.057" errors="0">
  <testcase name="navigateToRegistraionDemo" time="0.021" classname="com.testNGFramework.ScreenNavigation"/>
  <testcase name="navigateToAlertAndPopup" time="0.027" classname="com.testNGFramework.ScreenNavigation"/>
  <testcase name="navigateToMultipleWindows" time="0.005" classname="com.testNGFramework.ScreenNavigation"/>
  <testcase name="navigateToWebTable" time="0.004" classname="com.testNGFramework.ScreenNavigation"/>
</testsuite> <!-- com.testNGFramework.ScreenNavigation -->
