<?xml version="1.0" encoding="UTF-8"?>
<!-- Generated by org.testng.reporters.JUnitReportReporter -->
<testsuite skipped="1" hostname="OPTIMUSPRIME" name="com.testNGFramework.BankingApplicationAssertOrder" tests="6" failures="0" timestamp="05 Oct 2022 15:34:00 GMT" time="0.030" errors="0">
  <testcase name="lunchApplication" time="0.021" classname="com.testNGFramework.BankingApplicationAssertOrder"/>
  <testcase name="loginUser" time="0.003" classname="com.testNGFramework.BankingApplicationAssertOrder"/>
  <testcase name="checkCurrentAccountBalance" time="0.002" classname="com.testNGFramework.BankingApplicationAssertOrder"/>
  <testcase name="logOut" time="0.002" classname="com.testNGFramework.BankingApplicationAssertOrder"/>
  <testcase name="closeApplication" time="0.002" classname="com.testNGFramework.BankingApplicationAssertOrder"/>
  <testcase name="checkSavingAccountBalance" classname="com.testNGFramework.BankingApplicationAssertOrder">
    <skipped/>
  </testcase> <!-- checkSavingAccountBalance -->
</testsuite> <!-- com.testNGFramework.BankingApplicationAssertOrder -->
