<?xml version="1.0" encoding="UTF-8"?>
<!-- Generated by org.testng.reporters.JUnitReportReporter -->
<testsuite skipped="0" hostname="OPTIMUSPRIME" name="com.testNGFramework.ExtentReport" tests="5" failures="0" timestamp="08 Oct 2022 15:31:23 GMT" time="0.131" errors="0">
  <testcase name="lunchApplication" time="0.007" classname="com.testNGFramework.ExtentReport"/>
  <testcase name="informtionTestCase" time="0.117" classname="com.testNGFramework.ExtentReport"/>
  <testcase name="failedTestCase" time="0.002" classname="com.testNGFramework.ExtentReport"/>
  <testcase name="warningTestCase" time="0.003" classname="com.testNGFramework.ExtentReport"/>
  <testcase name="skippingTestCase" time="0.002" classname="com.testNGFramework.ExtentReport"/>
</testsuite> <!-- com.testNGFramework.ExtentReport -->
