<?xml version="1.0" encoding="UTF-8"?>
<!-- Generated by org.testng.reporters.JUnitReportReporter -->
<testsuite hostname="OPTIMUSPRIME" failures="0" tests="3" name="test.day4" time="0.009" errors="0" timestamp="06 Apr 2022 15:44:25 GMT" skipped="0">
  <testcase classname="test.day4" name="putInsepctionReport" time="0.003"/>
  <testcase classname="test.day4" name="submitReport" time="0.004"/>
  <testcase classname="test.day4" name="Taxcollectorlogin" time="0.002"/>
</testsuite> <!-- test.day4 -->
