<?xml version="1.0" encoding="UTF-8"?>
<!-- Generated by org.testng.reporters.JUnitReportReporter -->
<testsuite hostname="OPTIMUSPRIME" failures="0" tests="3" name="TestNGFrameWork.FirstTestNG" time="0.005" errors="0" timestamp="05 Apr 2022 10:13:20 GMT" skipped="1">
  <testcase classname="TestNGFrameWork.FirstTestNG" name="login" time="0.002"/>
  <testcase classname="TestNGFrameWork.FirstTestNG" name="logout" time="0.003"/>
  <testcase classname="TestNGFrameWork.FirstTestNG" name="select">
    <skipped/>
  </testcase> <!-- select -->
</testsuite> <!-- TestNGFrameWork.FirstTestNG -->
