<?xml version="1.0" encoding="UTF-8"?>
<!-- Generated by org.testng.reporters.JUnitReportReporter -->
<testsuite hostname="OPTIMUSPRIME" failures="0" tests="2" name="test.day1" time="0.017" errors="0" timestamp="06 Apr 2022 15:44:25 GMT" skipped="0">
  <testcase classname="test.day1" name="GetANumber" time="0.002"/>
  <testcase classname="test.day1" name="Apply" time="0.015"/>
</testsuite> <!-- test.day1 -->
