<?xml version="1.0" encoding="UTF-8"?>
<!-- Generated by org.testng.reporters.JUnitReportReporter -->
<testsuite skipped="0" hostname="OPTIMUSPRIME" name="com.testNGFramework.AlphabeticOrder" tests="4" failures="0" timestamp="05 Oct 2022 14:38:53 GMT" time="0.062" errors="0">
  <testcase name="p" time="0.008" classname="com.testNGFramework.AlphabeticOrder"/>
  <testcase name="s" time="0.004" classname="com.testNGFramework.AlphabeticOrder"/>
  <testcase name="a" time="0.040" classname="com.testNGFramework.AlphabeticOrder"/>
  <testcase name="f" time="0.010" classname="com.testNGFramework.AlphabeticOrder"/>
</testsuite> <!-- com.testNGFramework.AlphabeticOrder -->
