<?xml version="1.0" encoding="UTF-8"?>
<!-- Generated by org.testng.reporters.JUnitReportReporter -->
<testsuite hostname="OPTIMUSPRIME" failures="0" tests="1" name="TestNGFrameWork.NewTest" time="20.924" errors="0" timestamp="05 Apr 2022 10:16:20 GMT" skipped="0">
  <testcase classname="TestNGFrameWork.NewTest" name="f" time="20.924"/>
</testsuite> <!-- TestNGFrameWork.NewTest -->
