<?xml version="1.0" encoding="UTF-8"?>
<!-- Generated by org.testng.reporters.JUnitReportReporter -->
<testsuite skipped="0" hostname="OPTIMUSPRIME" name="com.testNGFramework.Register1Demo" tests="4" failures="0" timestamp="05 Oct 2022 15:04:46 GMT" time="0.028" errors="0">
  <testcase name="lunchApplication" time="0.021" classname="com.testNGFramework.Register1Demo"/>
  <testcase name="navigateToRegistrationDemoPage" time="0.002" classname="com.testNGFramework.Register1Demo"/>
  <testcase name="registerUser" time="0.002" classname="com.testNGFramework.Register1Demo"/>
  <testcase name="closeApplication" time="0.003" classname="com.testNGFramework.Register1Demo"/>
</testsuite> <!-- com.testNGFramework.Register1Demo -->
