<?xml version="1.0" encoding="UTF-8"?>
<!-- Generated by org.testng.reporters.JUnitReportReporter -->
<testsuite skipped="0" hostname="OPTIMUSPRIME" name="com.testNGFramework.ScreenNavigationClass" tests="4" failures="0" timestamp="06 Oct 2022 10:41:17 GMT" time="0.017" errors="0">
  <testcase name="navigateToRegistraionDemo" time="0.009" classname="com.testNGFramework.ScreenNavigationClass"/>
  <testcase name="navigateToAlertAndPopup" time="0.003" classname="com.testNGFramework.ScreenNavigationClass"/>
  <testcase name="navigateToMultipleWindows" time="0.003" classname="com.testNGFramework.ScreenNavigationClass"/>
  <testcase name="navigateToWebTable" time="0.002" classname="com.testNGFramework.ScreenNavigationClass"/>
</testsuite> <!-- com.testNGFramework.ScreenNavigationClass -->
