<?xml version="1.0" encoding="UTF-8"?>
<!-- Generated by org.testng.reporters.JUnitReportReporter -->
<testsuite hostname="OPTIMUSPRIME" failures="0" tests="1" name="TestNGFrameWork.NewTest_002" time="10.041" errors="0" timestamp="05 Apr 2022 11:48:11 GMT" skipped="0">
  <testcase classname="TestNGFrameWork.NewTest_002" name="f" time="10.041"/>
</testsuite> <!-- TestNGFrameWork.NewTest_002 -->
