<?xml version="1.0" encoding="UTF-8"?>
<!-- Generated by org.testng.reporters.JUnitReportReporter -->
<testsuite skipped="0" hostname="OPTIMUSPRIME" name="com.testNGFramework.TestNGSuite" tests="13" failures="0" timestamp="06 Oct 2022 11:53:00 GMT" time="0.053" errors="0">
  <testcase name="navigateToRegistrationDemoPage" time="0.012" classname="com.testNGFramework.TestNGSuite"/>
  <testcase name="registerForDemo" time="0.007" classname="com.testNGFramework.TestNGSuite"/>
  <testcase name="navigateToPythonForDataScience" time="0.003" classname="com.testNGFramework.TestNGSuite"/>
  <testcase name="navigateToAutomationWindow" time="0.003" classname="com.testNGFramework.TestNGSuite"/>
  <testcase name="handelNewBrowserWindow" time="0.003" classname="com.testNGFramework.TestNGSuite"/>
  <testcase name="handelNewMessageWindow" time="0.002" classname="com.testNGFramework.TestNGSuite"/>
  <testcase name="handelNewTab" time="0.004" classname="com.testNGFramework.TestNGSuite"/>
  <testcase name="navigateToAutomationAlertPopup" time="0.003" classname="com.testNGFramework.TestNGSuite"/>
  <testcase name="handelConfirmAlertPopup" time="0.004" classname="com.testNGFramework.TestNGSuite"/>
  <testcase name="handelAlertPopup" time="0.003" classname="com.testNGFramework.TestNGSuite"/>
  <testcase name="handelPromptPopUp" time="0.003" classname="com.testNGFramework.TestNGSuite"/>
  <testcase name="navigateToAutomationTable" time="0.003" classname="com.testNGFramework.TestNGSuite"/>
  <testcase name="extractEmployeeDetails" time="0.003" classname="com.testNGFramework.TestNGSuite"/>
</testsuite> <!-- com.testNGFramework.TestNGSuite -->
